<?xml version="1.0" encoding="UTF-8"?>
<!-- Generated by org.testng.reporters.JUnitReportReporter -->
<testsuite skipped="0" hostname="Purav-Patel" name="com.Orangehrm.testCases.TC002_ForgotYourPasswordLinkDisplayedTest" tests="1" failures="0" timestamp="16 Nov 2022 12:08:56 GMT" time="5.794" errors="0">
  <testcase name="forgotYourPasswordTest" time="5.794" classname="com.Orangehrm.testCases.TC002_ForgotYourPasswordLinkDisplayedTest"/>
</testsuite> <!-- com.Orangehrm.testCases.TC002_ForgotYourPasswordLinkDisplayedTest -->
