<?xml version="1.0" encoding="UTF-8"?>
<!-- Generated by org.testng.reporters.JUnitReportReporter -->
<testsuite skipped="0" hostname="Purav-Patel" name="com.Orangehrm.testCases.TC001_UserLoginTest" tests="1" failures="0" timestamp="23 Nov 2022 05:45:06 GMT" time="13.065" errors="0">
  <testcase name="LoginTest" time="13.065" classname="com.Orangehrm.testCases.TC001_UserLoginTest"/>
</testsuite> <!-- com.Orangehrm.testCases.TC001_UserLoginTest -->
