<?xml version="1.0" encoding="UTF-8"?>
<!-- Generated by org.testng.reporters.JUnitReportReporter -->
<testsuite skipped="0" hostname="Purav-Patel" name="com.Orangehrm.testCases.TC001_UserLoginTest" tests="1" failures="0" timestamp="18 Nov 2022 12:56:39 GMT" time="12.247" errors="0">
  <testcase name="LoginTest" time="12.247" classname="com.Orangehrm.testCases.TC001_UserLoginTest"/>
</testsuite> <!-- com.Orangehrm.testCases.TC001_UserLoginTest -->
